<?xml version="1.0" encoding="UTF-8"?>
<!-- Generated by org.testng.reporters.JUnitReportReporter -->
<testsuite hostname="LAPTOP-B0UG8PVA" failures="0" tests="1" name="Actions.DragAndDrop1" time="11.756" errors="0" timestamp="2023-05-17T02:38:12 IST" skipped="0">
  <testcase classname="Actions.DragAndDrop1" name="DragnDrop" time="11.756"/>
  <system-out/>
</testsuite> <!-- Actions.DragAndDrop1 -->
