<?xml version="1.0" encoding="UTF-8"?>
<!-- Generated by org.testng.reporters.JUnitReportReporter -->
<testsuite hostname="LAPTOP-B0UG8PVA" failures="0" tests="1" name="Actions.FewElementDragnDrop" time="11.073" errors="0" timestamp="2023-05-17T02:41:38 IST" skipped="0">
  <testcase classname="Actions.FewElementDragnDrop" name="DragnDrop" time="11.073"/>
  <system-out/>
</testsuite> <!-- Actions.FewElementDragnDrop -->
