<?xml version="1.0" encoding="UTF-8"?>
<!-- Generated by org.testng.reporters.JUnitReportReporter -->
<testsuite hostname="LAPTOP-B0UG8PVA" failures="0" tests="1" name="Actions.DragAndDrop" time="18.282" errors="0" timestamp="2023-05-17T02:30:12 IST" skipped="0">
  <testcase classname="Actions.DragAndDrop" name="DragnDrop" time="18.282"/>
  <system-out/>
</testsuite> <!-- Actions.DragAndDrop -->
